<?xml version="1.0" encoding="UTF-8"?>
<!-- Generated by org.testng.reporters.JUnitXMLReporter -->
<testsuite hostname="DESKTOP-NR3I10P" ignored="0" name="Chrome Suite" tests="3" failures="0" timestamp="2021-04-15T08:06:51 EDT" time="36.782" errors="0">
  <testcase name="homeButtonTakesUserToHomePage on [HomePageUITest passed=0 failed=0 skipped=0]" time="0.484" classname="app.netlify.qaautomationpractice.ui_tests.home_page.HomePageUITest"/>
  <testcase name="homePageIsLoaded on [HomePageUITest passed=0 failed=0 skipped=0]" time="0.03" classname="app.netlify.qaautomationpractice.ui_tests.home_page.HomePageUITest"/>
  <testcase name="homePageTitleIsCorrect on [HomePageUITest passed=0 failed=0 skipped=0]" time="0.015" classname="app.netlify.qaautomationpractice.ui_tests.home_page.HomePageUITest"/>
</testsuite> <!-- Chrome Suite -->
