<?xml version="1.0" encoding="UTF-8"?>
<testsuite xmlns:xsi="http://www.w3.org/2001/XMLSchema-instance" xsi:noNamespaceSchemaLocation="https://maven.apache.org/surefire/maven-surefire-plugin/xsd/surefire-test-report.xsd" name="TestSuite" time="38.509" tests="3" errors="0" skipped="0" failures="0">
  <properties>
[...]
</properties>
  <testcase name="homeButtonTakesUserToHomePage on [HomePageUITest passed=0 failed=0 skipped=0]" classname="app.netlify.qaautomationpractice.ui_tests.home_page.HomePageUITest" time="0.431"/>
  <testcase name="homePageIsLoaded on [HomePageUITest passed=0 failed=0 skipped=0]" classname="app.netlify.qaautomationpractice.ui_tests.home_page.HomePageUITest" time="0.03"/>
  <testcase name="homePageTitleIsCorrect on [HomePageUITest passed=0 failed=0 skipped=0]" classname="app.netlify.qaautomationpractice.ui_tests.home_page.HomePageUITest" time="0.015"/>
</testsuite>